<?xml version="1.0" encoding="UTF-8"?>
<testng-results skipped="0" failed="0" ignored="0" total="1" passed="1">
  <reporter-output>
  </reporter-output>
  <suite name="Default suite" duration-ms="14164" started-at="2021-07-03T23:28:54 IST" finished-at="2021-07-03T23:29:08 IST">
    <groups>
    </groups>
    <test name="Default test" duration-ms="14164" started-at="2021-07-03T23:28:54 IST" finished-at="2021-07-03T23:29:08 IST">
      <class name="test.ProductSelection">
        <test-method status="PASS" signature="Setup()[pri:0, instance:test.ProductSelection@467aecef]" name="Setup" is-config="true" duration-ms="11833" started-at="2021-07-03T23:28:54 IST" finished-at="2021-07-03T23:29:06 IST">
          <reporter-output>
          </reporter-output>
        </test-method> <!-- Setup -->
        <test-method status="PASS" signature="testcase1()[pri:0, instance:test.ProductSelection@467aecef]" name="testcase1" duration-ms="1478" started-at="2021-07-03T23:29:06 IST" finished-at="2021-07-03T23:29:07 IST">
          <reporter-output>
          </reporter-output>
        </test-method> <!-- testcase1 -->
        <test-method status="PASS" signature="teardown()[pri:0, instance:test.ProductSelection@467aecef]" name="teardown" is-config="true" duration-ms="773" started-at="2021-07-03T23:29:08 IST" finished-at="2021-07-03T23:29:08 IST">
          <reporter-output>
          </reporter-output>
        </test-method> <!-- teardown -->
      </class> <!-- test.ProductSelection -->
    </test> <!-- Default test -->
  </suite> <!-- Default suite -->
</testng-results>
